╔═══════════════════════════════════════════╗
║ JustEmuTarkov 0.8.0-beta                  ║
║ Website: https://justemutarkov.github.io/ ║
╚═══════════════════════════════════════════╝
[ERROR] Server: 0.8.0-beta
[ERROR] Game: Not Started
[ERROR] Trace:
TypeError: Cannot read property 'debugMode' of undefined
    at Object.console.log (D:\Users\Work\Desktop\EmuTarkov-Server-Dev\src\logger.js:58:43)
    at Server.<anonymous> (D:\Users\Work\Desktop\EmuTarkov-Server-Dev\src\server\_start.js:199:11)
    at Object.onceWrapper (events.js:299:28)
    at Server.emit (events.js:210:5)
    at emitListeningNT (net.js:1335:10)
    at processTicksAndRejections (internal/process/task_queues.js:79:21)
TypeError: Cannot read property 'debugMode' of undefined
    at Object.console.log (D:\Users\Work\Desktop\EmuTarkov-Server-Dev\src\logger.js:58:43)
    at Server.<anonymous> (D:\Users\Work\Desktop\EmuTarkov-Server-Dev\src\server\_start.js:199:11)
    at Object.onceWrapper (events.js:299:28)
    at Server.emit (events.js:210:5)
    at emitListeningNT (net.js:1335:10)
    at processTicksAndRejections (internal/process/task_queues.js:79:21)
[LOGGING] Finished Dumping Error
